Started solving at: 21:49:20
steps=1   states=17    +16    queue=15    +14    time=0m 0s   +0m 0s
steps=2   states=53    +36    queue=43    +28    time=0m 0s   +0m 0s
steps=3   states=160   +107   queue=115   +72    time=0m 0s   +0m 0s
steps=4   states=414   +254   queue=262   +147   time=0m 0s   +0m 0s
steps=5   states=914   +500   queue=508   +246   time=0m 0s   +0m 0s
steps=6   states=1771  +857   queue=865   +357   time=0m 1s   +0m 0s
steps=7   states=3111  +1340  queue=1347  +482   time=0m 2s   +0m 1s
steps=8   states=5088  +1977  queue=1984  +637   time=0m 4s   +0m 1s
steps=9   states=7932  +2844  queue=2851  +867   time=0m 6s   +0m 2s
steps=10  states=11987 +4055  queue=4062  +1211  time=0m 9s   +0m 2s
steps=11  states=17624 +5637  queue=5647  +1585  time=0m 13s  +0m 4s
steps=12  states=24954 +7330  queue=7340  +1693  time=0m 19s  +0m 5s
steps=13  states=33366 +8412  queue=8421  +1081  time=0m 26s  +0m 7s
steps=14  states=41510 +8144  queue=8149  -272   time=0m 35s  +0m 8s
steps=15  states=47969 +6459  queue=6462  -1687  time=0m 43s  +0m 7s
steps=16  states=52107 +4138  queue=4139  -2323  time=0m 49s  +0m 6s
steps=17  states=54350 +2243  queue=2243  -1896  time=0m 53s  +0m 4s
steps=18  states=55580 +1230  queue=1230  -1013  time=0m 55s  +0m 2s
steps=19  states=56568 +988   queue=987   -243   time=0m 56s  +0m 1s
steps=20  states=57593 +1025  queue=1024  +37    time=0m 57s  +0m 0s
steps=21  states=58614 +1021  queue=1025  +1     time=0m 58s  +0m 0s
steps=22  states=59537 +923   queue=926   -99    time=0m 59s  +0m 0s
steps=23  states=60314 +777   queue=780   -146   time=1m 0s   +0m 0s
steps=24  states=60990 +676   queue=678   -102   time=1m 1s   +0m 1s
steps=25  states=61711 +721   queue=721   +43    time=1m 2s   +0m 0s
steps=26  states=62693 +982   queue=982   +261   time=1m 3s   +0m 0s
steps=27  states=64199 +1506  queue=1505  +523   time=1m 3s   +0m 0s
steps=28  states=66441 +2242  queue=2242  +737   time=1m 5s   +0m 1s
steps=29  states=69468 +3027  queue=3027  +785   time=1m 7s   +0m 2s
steps=30  states=73086 +3618  queue=3618  +591   time=1m 10s  +0m 2s
steps=31  states=76905 +3819  queue=3820  +202   time=1m 14s  +0m 3s
steps=32  states=80500 +3595  queue=3598  -222   time=1m 17s  +0m 3s
steps=33  states=83578 +3078  queue=3079  -519   time=1m 20s  +0m 3s
steps=34  states=85997 +2419  queue=2421  -658   time=1m 23s  +0m 2s
steps=35  states=87741 +1744  queue=1745  -676   time=1m 26s  +0m 2s
steps=36  states=88869 +1128  queue=1127  -618   time=1m 27s  +0m 1s
steps=37  states=89497 +628   queue=627   -500   time=1m 28s  +0m 1s
steps=38  states=89783 +286   queue=285   -342   time=1m 29s  +0m 0s
steps=39  states=89884 +101   queue=100   -185   time=1m 29s  +0m 0s
steps=40  states=89908 +24    queue=24    -76    time=1m 29s  +0m 0s
steps=41  states=89910 +2     queue=2     -22    time=1m 29s  +0m 0s
Completed! Finished solving at: 21:50:49
Total Solutions: 243
Total Time Elapsed: 1m 29s
Scanned 89,910 states with 0 left in the queue.
Found 243 solutions.
The shortest solution has 17 moves.
The longest solution has 27 moves.
