Started solving at: 01:23:51
depth=0   states=1     +1     queue=1     +1     time=0m 0s   +0m 0s
depth=1   states=9     +8     queue=8     +7     time=0m 0s   +0m 0s
depth=2   states=44    +35    queue=35    +27    time=0m 0s   +0m 0s
depth=3   states=151   +107   queue=107   +72    time=0m 0s   +0m 0s
depth=4   states=405   +254   queue=254   +147   time=0m 0s   +0m 0s
depth=5   states=905   +500   queue=500   +246   time=0m 0s   +0m 0s
depth=6   states=1763  +858   queue=858   +358   time=0m 1s   +0m 0s
depth=7   states=3103  +1340  queue=1340  +482   time=0m 1s   +0m 0s
depth=8   states=5080  +1977  queue=1977  +637   time=0m 2s   +0m 0s
depth=9   states=7924  +2844  queue=2844  +867   time=0m 4s   +0m 1s
depth=10  states=11976 +4052  queue=4052  +1208  time=0m 5s   +0m 1s
depth=11  states=17613 +5637  queue=5637  +1585  time=0m 8s   +0m 2s
depth=12  states=24944 +7331  queue=7331  +1694  time=0m 12s  +0m 3s
depth=13  states=33360 +8416  queue=8416  +1085  time=0m 17s  +0m 4s
depth=14  states=41506 +8146  queue=8146  -270   time=0m 22s  +0m 5s
depth=15  states=47967 +6461  queue=6461  -1685  time=0m 27s  +0m 5s
depth=16  states=52106 +4139  queue=4139  -2322  time=0m 31s  +0m 3s
Finished solving at: 01:24:25
Total Time Elapsed: 0m 33s
Scanned 54,291 states with 2,341 left in the queue.
Solution has 8 steps and 19 moves.
4L2, 5L2, XU3, XR2, 6L2, 7L1, 8R2, XD5
